2019/05/22 10:52:08 [error] [exception.CDbException] CDbException: CDbConnection failed to open the DB connection: could not find driver in /var/www/dev.farmazon.cl/html/m2-migration/migrate_data_tool/yii/db/CDbConnection.php:399
Stack trace:
#0 /var/www/dev.farmazon.cl/html/m2-migration/migrate_data_tool/yii/db/CDbConnection.php(347): CDbConnection->open()
#1 /var/www/dev.farmazon.cl/html/m2-migration/migrate_data_tool/yii/db/CDbConnection.php(325): CDbConnection->setActive(true)
#2 /var/www/dev.farmazon.cl/html/m2-migration/migrate_data_tool/yii/base/CModule.php(394): CDbConnection->init()
#3 /var/www/dev.farmazon.cl/html/m2-migration/migrate_data_tool/yii/base/CApplication.php(458): CModule->getComponent('db')
#4 /var/www/dev.farmazon.cl/html/m2-migration/migrate_data_tool/yii/db/ar/CActiveRecord.php(637): CApplication->getDb()
#5 /var/www/dev.farmazon.cl/html/m2-migration/migrate_data_tool/yii/db/ar/CActiveRecord.php(670): CActiveRecord->getDbConnection()
#6 /var/www/dev.farmazon.cl/html/m2-migration/migrate_data_tool/yii/db/ar/CActiveRecord.php(1474): CActiveRecord->getCommandBuilder()
#7 /var/www/dev.farmazon.cl/html/m2-migration/migrate_data_tool/protected/controllers/MigrateController.php(39): CActiveRecord->findAll()
#8 /var/www/dev.farmazon.cl/html/m2-migration/migrate_data_tool/yii/web/CController.php(306): MigrateController->beforeAction(Object(CInlineAction))
#9 /var/www/dev.farmazon.cl/html/m2-migration/migrate_data_tool/yii/web/CController.php(286): CController->runAction(Object(CInlineAction))
#10 /var/www/dev.farmazon.cl/html/m2-migration/migrate_data_tool/yii/web/CController.php(265): CController->runActionWithFilters(Object(CInlineAction), Array)
#11 /var/www/dev.farmazon.cl/html/m2-migration/migrate_data_tool/yii/web/CWebApplication.php(282): CController->run('')
#12 /var/www/dev.farmazon.cl/html/m2-migration/migrate_data_tool/yii/web/CWebApplication.php(141): CWebApplication->runController('')
#13 /var/www/dev.farmazon.cl/html/m2-migration/migrate_data_tool/yii/base/CApplication.php(184): CWebApplication->processRequest()
#14 /var/www/dev.farmazon.cl/html/m2-migration/migrate_data_tool/index.php(13): CApplication->run()
#15 {main}
REQUEST_URI=/m2-migration/migrate_data_tool/
---
2019/05/22 10:52:48 [error] [php] unserialize(): Unexpected end of serialized data (/var/www/dev.farmazon.cl/html/m2-migration/migrate_data_tool/yii/caching/CCache.php:108)
Stack trace:
#0 /var/www/dev.farmazon.cl/html/m2-migration/migrate_data_tool/yii/web/CUrlManager.php(206): CUrlManager->processRules()
#1 /var/www/dev.farmazon.cl/html/m2-migration/migrate_data_tool/yii/base/CModule.php(394): CUrlManager->init()
#2 /var/www/dev.farmazon.cl/html/m2-migration/migrate_data_tool/yii/base/CApplication.php(530): CWebApplication->getComponent()
#3 /var/www/dev.farmazon.cl/html/m2-migration/migrate_data_tool/yii/web/CWebApplication.php(140): CWebApplication->getUrlManager()
#4 /var/www/dev.farmazon.cl/html/m2-migration/migrate_data_tool/yii/base/CApplication.php(184): CWebApplication->processRequest()
#5 /var/www/dev.farmazon.cl/html/m2-migration/migrate_data_tool/index.php(13): CWebApplication->run()
REQUEST_URI=/m2-migration/migrate_data_tool/
2019/05/22 10:54:06 [error] [exception.CDbException] CDbException: CDbConnection failed to open the DB connection: could not find driver in /var/www/dev.farmazon.cl/html/m2-migration/migrate_data_tool/yii/db/CDbConnection.php:399
Stack trace:
#0 /var/www/dev.farmazon.cl/html/m2-migration/migrate_data_tool/yii/db/CDbConnection.php(347): CDbConnection->open()
#1 /var/www/dev.farmazon.cl/html/m2-migration/migrate_data_tool/yii/db/CDbConnection.php(325): CDbConnection->setActive(true)
#2 /var/www/dev.farmazon.cl/html/m2-migration/migrate_data_tool/yii/base/CModule.php(394): CDbConnection->init()
#3 /var/www/dev.farmazon.cl/html/m2-migration/migrate_data_tool/yii/base/CApplication.php(458): CModule->getComponent('db')
#4 /var/www/dev.farmazon.cl/html/m2-migration/migrate_data_tool/yii/db/ar/CActiveRecord.php(637): CApplication->getDb()
#5 /var/www/dev.farmazon.cl/html/m2-migration/migrate_data_tool/yii/db/ar/CActiveRecord.php(670): CActiveRecord->getDbConnection()
#6 /var/www/dev.farmazon.cl/html/m2-migration/migrate_data_tool/yii/db/ar/CActiveRecord.php(1474): CActiveRecord->getCommandBuilder()
#7 /var/www/dev.farmazon.cl/html/m2-migration/migrate_data_tool/protected/controllers/MigrateController.php(39): CActiveRecord->findAll()
#8 /var/www/dev.farmazon.cl/html/m2-migration/migrate_data_tool/yii/web/CController.php(306): MigrateController->beforeAction(Object(CInlineAction))
#9 /var/www/dev.farmazon.cl/html/m2-migration/migrate_data_tool/yii/web/CController.php(286): CController->runAction(Object(CInlineAction))
#10 /var/www/dev.farmazon.cl/html/m2-migration/migrate_data_tool/yii/web/CController.php(265): CController->runActionWithFilters(Object(CInlineAction), Array)
#11 /var/www/dev.farmazon.cl/html/m2-migration/migrate_data_tool/yii/web/CWebApplication.php(282): CController->run('')
#12 /var/www/dev.farmazon.cl/html/m2-migration/migrate_data_tool/yii/web/CWebApplication.php(141): CWebApplication->runController('')
#13 /var/www/dev.farmazon.cl/html/m2-migration/migrate_data_tool/yii/base/CApplication.php(184): CWebApplication->processRequest()
#14 /var/www/dev.farmazon.cl/html/m2-migration/migrate_data_tool/index.php(13): CApplication->run()
#15 {main}
REQUEST_URI=/m2-migration/migrate_data_tool/
---
2019/05/22 10:54:11 [error] [exception.CDbException] CDbException: CDbConnection failed to open the DB connection: could not find driver in /var/www/dev.farmazon.cl/html/m2-migration/migrate_data_tool/yii/db/CDbConnection.php:399
Stack trace:
#0 /var/www/dev.farmazon.cl/html/m2-migration/migrate_data_tool/yii/db/CDbConnection.php(347): CDbConnection->open()
#1 /var/www/dev.farmazon.cl/html/m2-migration/migrate_data_tool/yii/db/CDbConnection.php(325): CDbConnection->setActive(true)
#2 /var/www/dev.farmazon.cl/html/m2-migration/migrate_data_tool/yii/base/CModule.php(394): CDbConnection->init()
#3 /var/www/dev.farmazon.cl/html/m2-migration/migrate_data_tool/yii/base/CApplication.php(458): CModule->getComponent('db')
#4 /var/www/dev.farmazon.cl/html/m2-migration/migrate_data_tool/yii/db/ar/CActiveRecord.php(637): CApplication->getDb()
#5 /var/www/dev.farmazon.cl/html/m2-migration/migrate_data_tool/yii/db/ar/CActiveRecord.php(670): CActiveRecord->getDbConnection()
#6 /var/www/dev.farmazon.cl/html/m2-migration/migrate_data_tool/yii/db/ar/CActiveRecord.php(1474): CActiveRecord->getCommandBuilder()
#7 /var/www/dev.farmazon.cl/html/m2-migration/migrate_data_tool/protected/controllers/MigrateController.php(39): CActiveRecord->findAll()
#8 /var/www/dev.farmazon.cl/html/m2-migration/migrate_data_tool/yii/web/CController.php(306): MigrateController->beforeAction(Object(CInlineAction))
#9 /var/www/dev.farmazon.cl/html/m2-migration/migrate_data_tool/yii/web/CController.php(286): CController->runAction(Object(CInlineAction))
#10 /var/www/dev.farmazon.cl/html/m2-migration/migrate_data_tool/yii/web/CController.php(265): CController->runActionWithFilters(Object(CInlineAction), Array)
#11 /var/www/dev.farmazon.cl/html/m2-migration/migrate_data_tool/yii/web/CWebApplication.php(282): CController->run('')
#12 /var/www/dev.farmazon.cl/html/m2-migration/migrate_data_tool/yii/web/CWebApplication.php(141): CWebApplication->runController('')
#13 /var/www/dev.farmazon.cl/html/m2-migration/migrate_data_tool/yii/base/CApplication.php(184): CWebApplication->processRequest()
#14 /var/www/dev.farmazon.cl/html/m2-migration/migrate_data_tool/index.php(13): CApplication->run()
#15 {main}
REQUEST_URI=/m2-migration/migrate_data_tool/
---
2019/05/22 10:56:34 [error] [exception.CDbException] CDbException: CDbConnection failed to open the DB connection: could not find driver in /var/www/dev.farmazon.cl/html/m2-migration/migrate_data_tool/yii/db/CDbConnection.php:399
Stack trace:
#0 /var/www/dev.farmazon.cl/html/m2-migration/migrate_data_tool/yii/db/CDbConnection.php(347): CDbConnection->open()
#1 /var/www/dev.farmazon.cl/html/m2-migration/migrate_data_tool/yii/db/CDbConnection.php(325): CDbConnection->setActive(true)
#2 /var/www/dev.farmazon.cl/html/m2-migration/migrate_data_tool/yii/base/CModule.php(394): CDbConnection->init()
#3 /var/www/dev.farmazon.cl/html/m2-migration/migrate_data_tool/yii/base/CApplication.php(458): CModule->getComponent('db')
#4 /var/www/dev.farmazon.cl/html/m2-migration/migrate_data_tool/yii/db/ar/CActiveRecord.php(637): CApplication->getDb()
#5 /var/www/dev.farmazon.cl/html/m2-migration/migrate_data_tool/yii/db/ar/CActiveRecord.php(670): CActiveRecord->getDbConnection()
#6 /var/www/dev.farmazon.cl/html/m2-migration/migrate_data_tool/yii/db/ar/CActiveRecord.php(1474): CActiveRecord->getCommandBuilder()
#7 /var/www/dev.farmazon.cl/html/m2-migration/migrate_data_tool/protected/controllers/MigrateController.php(39): CActiveRecord->findAll()
#8 /var/www/dev.farmazon.cl/html/m2-migration/migrate_data_tool/yii/web/CController.php(306): MigrateController->beforeAction(Object(CInlineAction))
#9 /var/www/dev.farmazon.cl/html/m2-migration/migrate_data_tool/yii/web/CController.php(286): CController->runAction(Object(CInlineAction))
#10 /var/www/dev.farmazon.cl/html/m2-migration/migrate_data_tool/yii/web/CController.php(265): CController->runActionWithFilters(Object(CInlineAction), Array)
#11 /var/www/dev.farmazon.cl/html/m2-migration/migrate_data_tool/yii/web/CWebApplication.php(282): CController->run('')
#12 /var/www/dev.farmazon.cl/html/m2-migration/migrate_data_tool/yii/web/CWebApplication.php(141): CWebApplication->runController('')
#13 /var/www/dev.farmazon.cl/html/m2-migration/migrate_data_tool/yii/base/CApplication.php(184): CWebApplication->processRequest()
#14 /var/www/dev.farmazon.cl/html/m2-migration/migrate_data_tool/index.php(13): CApplication->run()
#15 {main}
REQUEST_URI=/m2-migration/migrate_data_tool/
---
2019/05/22 14:06:16 [error] [exception.CDbException] CDbException: CDbConnection failed to open the DB connection: could not find driver in /var/www/dev.farmazon.cl/html/m2-migration/migrate_data_tool/yii/db/CDbConnection.php:399
Stack trace:
#0 /var/www/dev.farmazon.cl/html/m2-migration/migrate_data_tool/yii/db/CDbConnection.php(347): CDbConnection->open()
#1 /var/www/dev.farmazon.cl/html/m2-migration/migrate_data_tool/yii/db/CDbConnection.php(325): CDbConnection->setActive(true)
#2 /var/www/dev.farmazon.cl/html/m2-migration/migrate_data_tool/yii/base/CModule.php(394): CDbConnection->init()
#3 /var/www/dev.farmazon.cl/html/m2-migration/migrate_data_tool/yii/base/CApplication.php(458): CModule->getComponent('db')
#4 /var/www/dev.farmazon.cl/html/m2-migration/migrate_data_tool/yii/db/ar/CActiveRecord.php(637): CApplication->getDb()
#5 /var/www/dev.farmazon.cl/html/m2-migration/migrate_data_tool/yii/db/ar/CActiveRecord.php(670): CActiveRecord->getDbConnection()
#6 /var/www/dev.farmazon.cl/html/m2-migration/migrate_data_tool/yii/db/ar/CActiveRecord.php(1474): CActiveRecord->getCommandBuilder()
#7 /var/www/dev.farmazon.cl/html/m2-migration/migrate_data_tool/protected/controllers/MigrateController.php(39): CActiveRecord->findAll()
#8 /var/www/dev.farmazon.cl/html/m2-migration/migrate_data_tool/yii/web/CController.php(306): MigrateController->beforeAction(Object(CInlineAction))
#9 /var/www/dev.farmazon.cl/html/m2-migration/migrate_data_tool/yii/web/CController.php(286): CController->runAction(Object(CInlineAction))
#10 /var/www/dev.farmazon.cl/html/m2-migration/migrate_data_tool/yii/web/CController.php(265): CController->runActionWithFilters(Object(CInlineAction), Array)
#11 /var/www/dev.farmazon.cl/html/m2-migration/migrate_data_tool/yii/web/CWebApplication.php(282): CController->run('')
#12 /var/www/dev.farmazon.cl/html/m2-migration/migrate_data_tool/yii/web/CWebApplication.php(141): CWebApplication->runController('')
#13 /var/www/dev.farmazon.cl/html/m2-migration/migrate_data_tool/yii/base/CApplication.php(184): CWebApplication->processRequest()
#14 /var/www/dev.farmazon.cl/html/m2-migration/migrate_data_tool/index.php(13): CApplication->run()
#15 {main}
REQUEST_URI=/m2-migration/migrate_data_tool/
---
2019/06/03 05:28:01 [error] [exception.CDbException] CDbException: CDbConnection failed to open the DB connection: could not find driver in /var/www/dev.farmazon.cl/html/m2-migration/migrate_data_tool/yii/db/CDbConnection.php:399
Stack trace:
#0 /var/www/dev.farmazon.cl/html/m2-migration/migrate_data_tool/yii/db/CDbConnection.php(347): CDbConnection->open()
#1 /var/www/dev.farmazon.cl/html/m2-migration/migrate_data_tool/yii/db/CDbConnection.php(325): CDbConnection->setActive(true)
#2 /var/www/dev.farmazon.cl/html/m2-migration/migrate_data_tool/yii/base/CModule.php(394): CDbConnection->init()
#3 /var/www/dev.farmazon.cl/html/m2-migration/migrate_data_tool/yii/base/CApplication.php(458): CModule->getComponent('db')
#4 /var/www/dev.farmazon.cl/html/m2-migration/migrate_data_tool/yii/db/ar/CActiveRecord.php(637): CApplication->getDb()
#5 /var/www/dev.farmazon.cl/html/m2-migration/migrate_data_tool/yii/db/ar/CActiveRecord.php(670): CActiveRecord->getDbConnection()
#6 /var/www/dev.farmazon.cl/html/m2-migration/migrate_data_tool/yii/db/ar/CActiveRecord.php(1474): CActiveRecord->getCommandBuilder()
#7 /var/www/dev.farmazon.cl/html/m2-migration/migrate_data_tool/protected/controllers/MigrateController.php(39): CActiveRecord->findAll()
#8 /var/www/dev.farmazon.cl/html/m2-migration/migrate_data_tool/yii/web/CController.php(306): MigrateController->beforeAction(Object(CInlineAction))
#9 /var/www/dev.farmazon.cl/html/m2-migration/migrate_data_tool/yii/web/CController.php(286): CController->runAction(Object(CInlineAction))
#10 /var/www/dev.farmazon.cl/html/m2-migration/migrate_data_tool/yii/web/CController.php(265): CController->runActionWithFilters(Object(CInlineAction), Array)
#11 /var/www/dev.farmazon.cl/html/m2-migration/migrate_data_tool/yii/web/CWebApplication.php(282): CController->run('')
#12 /var/www/dev.farmazon.cl/html/m2-migration/migrate_data_tool/yii/web/CWebApplication.php(141): CWebApplication->runController('')
#13 /var/www/dev.farmazon.cl/html/m2-migration/migrate_data_tool/yii/base/CApplication.php(184): CWebApplication->processRequest()
#14 /var/www/dev.farmazon.cl/html/m2-migration/migrate_data_tool/index.php(13): CApplication->run()
#15 {main}
REQUEST_URI=/m2-migration/migrate_data_tool/
---
2019/06/03 05:37:57 [error] [system.db.CDbCommand] CDbCommand::execute() failed: SQLSTATE[22001]: String data, right truncated: 1406 Data too long for column 'taxvat' at row 1. The SQL statement executed was: UPDATE `customer_entity` SET `group_id`=:yp0, `store_id`=:yp1, `is_active`=:yp2, `disable_auto_group_change`=:yp3, `failures_num`=:yp4, `entity_id`=:yp5, `website_id`=:yp6, `email`=:yp7, `created_at`=:yp8, `updated_at`=:yp9, `default_billing`=:yp10, `default_shipping`=:yp11, `created_in`=:yp12, `firstname`=:yp13, `lastname`=:yp14, `password_hash`=:yp15, `taxvat`=:yp16 WHERE `customer_entity`.`entity_id`='826'.
2019/06/03 05:37:57 [error] [exception.CDbException] CDbException: CDbCommand failed to execute the SQL statement: SQLSTATE[22001]: String data, right truncated: 1406 Data too long for column 'taxvat' at row 1. The SQL statement executed was: UPDATE `customer_entity` SET `group_id`=:yp0, `store_id`=:yp1, `is_active`=:yp2, `disable_auto_group_change`=:yp3, `failures_num`=:yp4, `entity_id`=:yp5, `website_id`=:yp6, `email`=:yp7, `created_at`=:yp8, `updated_at`=:yp9, `default_billing`=:yp10, `default_shipping`=:yp11, `created_in`=:yp12, `firstname`=:yp13, `lastname`=:yp14, `password_hash`=:yp15, `taxvat`=:yp16 WHERE `customer_entity`.`entity_id`='826' in /var/www/dev.farmazon.cl/html/m2-migration/migrate_data_tool/yii/db/CDbCommand.php:358
Stack trace:
#0 /var/www/dev.farmazon.cl/html/m2-migration/migrate_data_tool/yii/db/ar/CActiveRecord.php(1753): CDbCommand->execute()
#1 /var/www/dev.farmazon.cl/html/m2-migration/migrate_data_tool/yii/db/ar/CActiveRecord.php(1127): CActiveRecord->updateByPk('826', Array)
#2 /var/www/dev.farmazon.cl/html/m2-migration/migrate_data_tool/protected/controllers/MigrateController.php(2013): CActiveRecord->update()
#3 /var/www/dev.farmazon.cl/html/m2-migration/migrate_data_tool/yii/web/actions/CInlineAction.php(49): MigrateController->actionStep6()
#4 /var/www/dev.farmazon.cl/html/m2-migration/migrate_data_tool/yii/web/CController.php(308): CInlineAction->runWithParams(Array)
#5 /var/www/dev.farmazon.cl/html/m2-migration/migrate_data_tool/yii/web/CController.php(286): CController->runAction(Object(CInlineAction))
#6 /var/www/dev.farmazon.cl/html/m2-migration/migrate_data_tool/yii/web/CController.php(265): CController->runActionWithFilters(Object(CInlineAction), Array)
#7 /var/www/dev.farmazon.cl/html/m2-migration/migrate_data_tool/yii/web/CWebApplication.php(282): CController->run('step6')
#8 /var/www/dev.farmazon.cl/html/m2-migration/migrate_data_tool/yii/web/CWebApplication.php(141): CWebApplication->runController('migrate/step6')
#9 /var/www/dev.farmazon.cl/html/m2-migration/migrate_data_tool/yii/base/CApplication.php(184): CWebApplication->processRequest()
#10 /var/www/dev.farmazon.cl/html/m2-migration/migrate_data_tool/index.php(13): CApplication->run()
#11 {main}
REQUEST_URI=/m2-migration/migrate_data_tool/index.php/migrate/step6
HTTP_REFERER=https://dev.farmazon.cl/m2-migration/migrate_data_tool/index.php/migrate/step6
---
2019/06/03 06:25:35 [error] [system.db.CDbCommand] CDbCommand::execute() failed: SQLSTATE[HY000]: General error: 1366 Incorrect integer value: '?E>' for column 'remote_ip_long' at row 1. The SQL statement executed was: INSERT INTO `rating_option_vote` (`option_id`, `remote_ip_long`, `customer_id`, `entity_pk_value`, `rating_id`, `percent`, `value`, `vote_id`, `remote_ip`, `review_id`) VALUES (:yp0, :yp1, :yp2, :yp3, :yp4, :yp5, :yp6, :yp7, :yp8, :yp9).
2019/06/03 06:25:35 [error] [exception.CDbException] CDbException: CDbCommand failed to execute the SQL statement: SQLSTATE[HY000]: General error: 1366 Incorrect integer value: '?E>' for column 'remote_ip_long' at row 1. The SQL statement executed was: INSERT INTO `rating_option_vote` (`option_id`, `remote_ip_long`, `customer_id`, `entity_pk_value`, `rating_id`, `percent`, `value`, `vote_id`, `remote_ip`, `review_id`) VALUES (:yp0, :yp1, :yp2, :yp3, :yp4, :yp5, :yp6, :yp7, :yp8, :yp9) in /var/www/dev.farmazon.cl/html/m2-migration/migrate_data_tool/yii/db/CDbCommand.php:358
Stack trace:
#0 /var/www/dev.farmazon.cl/html/m2-migration/migrate_data_tool/yii/db/ar/CActiveRecord.php(1080): CDbCommand->execute()
#1 /var/www/dev.farmazon.cl/html/m2-migration/migrate_data_tool/yii/db/ar/CActiveRecord.php(809): CActiveRecord->insert(NULL)
#2 /var/www/dev.farmazon.cl/html/m2-migration/migrate_data_tool/protected/controllers/MigrateController.php(3470): CActiveRecord->save()
#3 /var/www/dev.farmazon.cl/html/m2-migration/migrate_data_tool/yii/web/actions/CInlineAction.php(49): MigrateController->actionStep8()
#4 /var/www/dev.farmazon.cl/html/m2-migration/migrate_data_tool/yii/web/CController.php(308): CInlineAction->runWithParams(Array)
#5 /var/www/dev.farmazon.cl/html/m2-migration/migrate_data_tool/yii/web/CController.php(286): CController->runAction(Object(CInlineAction))
#6 /var/www/dev.farmazon.cl/html/m2-migration/migrate_data_tool/yii/web/CController.php(265): CController->runActionWithFilters(Object(CInlineAction), Array)
#7 /var/www/dev.farmazon.cl/html/m2-migration/migrate_data_tool/yii/web/CWebApplication.php(282): CController->run('step8')
#8 /var/www/dev.farmazon.cl/html/m2-migration/migrate_data_tool/yii/web/CWebApplication.php(141): CWebApplication->runController('migrate/step8')
#9 /var/www/dev.farmazon.cl/html/m2-migration/migrate_data_tool/yii/base/CApplication.php(184): CWebApplication->processRequest()
#10 /var/www/dev.farmazon.cl/html/m2-migration/migrate_data_tool/index.php(13): CApplication->run()
#11 {main}
REQUEST_URI=/m2-migration/migrate_data_tool/index.php/migrate/step8
HTTP_REFERER=https://dev.farmazon.cl/m2-migration/migrate_data_tool/index.php/migrate/step8
---
2019/06/03 06:30:55 [error] [system.db.CDbCommand] CDbCommand::execute() failed: SQLSTATE[23000]: Integrity constraint violation: 1062 Duplicate entry '1' for key 'PRIMARY'. The SQL statement executed was: INSERT INTO `review_entity_summary` (`entity_pk_value`, `entity_type`, `reviews_count`, `rating_summary`, `store_id`, `primary_id`) VALUES (:yp0, :yp1, :yp2, :yp3, :yp4, :yp5).
2019/06/03 06:30:55 [error] [exception.CDbException] CDbException: CDbCommand failed to execute the SQL statement: SQLSTATE[23000]: Integrity constraint violation: 1062 Duplicate entry '1' for key 'PRIMARY'. The SQL statement executed was: INSERT INTO `review_entity_summary` (`entity_pk_value`, `entity_type`, `reviews_count`, `rating_summary`, `store_id`, `primary_id`) VALUES (:yp0, :yp1, :yp2, :yp3, :yp4, :yp5) in /var/www/dev.farmazon.cl/html/m2-migration/migrate_data_tool/yii/db/CDbCommand.php:358
Stack trace:
#0 /var/www/dev.farmazon.cl/html/m2-migration/migrate_data_tool/yii/db/ar/CActiveRecord.php(1080): CDbCommand->execute()
#1 /var/www/dev.farmazon.cl/html/m2-migration/migrate_data_tool/yii/db/ar/CActiveRecord.php(809): CActiveRecord->insert(NULL)
#2 /var/www/dev.farmazon.cl/html/m2-migration/migrate_data_tool/protected/controllers/MigrateController.php(3397): CActiveRecord->save()
#3 /var/www/dev.farmazon.cl/html/m2-migration/migrate_data_tool/yii/web/actions/CInlineAction.php(49): MigrateController->actionStep8()
#4 /var/www/dev.farmazon.cl/html/m2-migration/migrate_data_tool/yii/web/CController.php(308): CInlineAction->runWithParams(Array)
#5 /var/www/dev.farmazon.cl/html/m2-migration/migrate_data_tool/yii/web/CController.php(286): CController->runAction(Object(CInlineAction))
#6 /var/www/dev.farmazon.cl/html/m2-migration/migrate_data_tool/yii/web/CController.php(265): CController->runActionWithFilters(Object(CInlineAction), Array)
#7 /var/www/dev.farmazon.cl/html/m2-migration/migrate_data_tool/yii/web/CWebApplication.php(282): CController->run('step8')
#8 /var/www/dev.farmazon.cl/html/m2-migration/migrate_data_tool/yii/web/CWebApplication.php(141): CWebApplication->runController('migrate/step8')
#9 /var/www/dev.farmazon.cl/html/m2-migration/migrate_data_tool/yii/base/CApplication.php(184): CWebApplication->processRequest()
#10 /var/www/dev.farmazon.cl/html/m2-migration/migrate_data_tool/index.php(13): CApplication->run()
#11 {main}
REQUEST_URI=/m2-migration/migrate_data_tool/index.php/migrate/step8
HTTP_REFERER=https://dev.farmazon.cl/m2-migration/migrate_data_tool/index.php/migrate/step8
---
2019/06/03 06:31:07 [error] [system.db.CDbCommand] CDbCommand::execute() failed: SQLSTATE[HY000]: General error: 1366 Incorrect integer value: '' for column 'remote_ip_long' at row 1. The SQL statement executed was: INSERT INTO `rating_option_vote` (`option_id`, `remote_ip_long`, `customer_id`, `entity_pk_value`, `rating_id`, `percent`, `value`, `vote_id`, `remote_ip`, `review_id`) VALUES (:yp0, :yp1, :yp2, :yp3, :yp4, :yp5, :yp6, :yp7, :yp8, :yp9).
2019/06/03 06:31:07 [error] [exception.CDbException] CDbException: CDbCommand failed to execute the SQL statement: SQLSTATE[HY000]: General error: 1366 Incorrect integer value: '' for column 'remote_ip_long' at row 1. The SQL statement executed was: INSERT INTO `rating_option_vote` (`option_id`, `remote_ip_long`, `customer_id`, `entity_pk_value`, `rating_id`, `percent`, `value`, `vote_id`, `remote_ip`, `review_id`) VALUES (:yp0, :yp1, :yp2, :yp3, :yp4, :yp5, :yp6, :yp7, :yp8, :yp9) in /var/www/dev.farmazon.cl/html/m2-migration/migrate_data_tool/yii/db/CDbCommand.php:358
Stack trace:
#0 /var/www/dev.farmazon.cl/html/m2-migration/migrate_data_tool/yii/db/ar/CActiveRecord.php(1080): CDbCommand->execute()
#1 /var/www/dev.farmazon.cl/html/m2-migration/migrate_data_tool/yii/db/ar/CActiveRecord.php(809): CActiveRecord->insert(NULL)
#2 /var/www/dev.farmazon.cl/html/m2-migration/migrate_data_tool/protected/controllers/MigrateController.php(3470): CActiveRecord->save()
#3 /var/www/dev.farmazon.cl/html/m2-migration/migrate_data_tool/yii/web/actions/CInlineAction.php(49): MigrateController->actionStep8()
#4 /var/www/dev.farmazon.cl/html/m2-migration/migrate_data_tool/yii/web/CController.php(308): CInlineAction->runWithParams(Array)
#5 /var/www/dev.farmazon.cl/html/m2-migration/migrate_data_tool/yii/web/CController.php(286): CController->runAction(Object(CInlineAction))
#6 /var/www/dev.farmazon.cl/html/m2-migration/migrate_data_tool/yii/web/CController.php(265): CController->runActionWithFilters(Object(CInlineAction), Array)
#7 /var/www/dev.farmazon.cl/html/m2-migration/migrate_data_tool/yii/web/CWebApplication.php(282): CController->run('step8')
#8 /var/www/dev.farmazon.cl/html/m2-migration/migrate_data_tool/yii/web/CWebApplication.php(141): CWebApplication->runController('migrate/step8')
#9 /var/www/dev.farmazon.cl/html/m2-migration/migrate_data_tool/yii/base/CApplication.php(184): CWebApplication->processRequest()
#10 /var/www/dev.farmazon.cl/html/m2-migration/migrate_data_tool/index.php(13): CApplication->run()
#11 {main}
REQUEST_URI=/m2-migration/migrate_data_tool/index.php/migrate/step8
HTTP_REFERER=https://dev.farmazon.cl/m2-migration/migrate_data_tool/index.php/migrate/step8
---
2019/06/03 06:31:23 [error] [system.db.CDbCommand] CDbCommand::execute() failed: SQLSTATE[23000]: Integrity constraint violation: 1062 Duplicate entry '1' for key 'PRIMARY'. The SQL statement executed was: INSERT INTO `review_entity_summary` (`entity_pk_value`, `entity_type`, `reviews_count`, `rating_summary`, `store_id`, `primary_id`) VALUES (:yp0, :yp1, :yp2, :yp3, :yp4, :yp5).
2019/06/03 06:31:23 [error] [exception.CDbException] CDbException: CDbCommand failed to execute the SQL statement: SQLSTATE[23000]: Integrity constraint violation: 1062 Duplicate entry '1' for key 'PRIMARY'. The SQL statement executed was: INSERT INTO `review_entity_summary` (`entity_pk_value`, `entity_type`, `reviews_count`, `rating_summary`, `store_id`, `primary_id`) VALUES (:yp0, :yp1, :yp2, :yp3, :yp4, :yp5) in /var/www/dev.farmazon.cl/html/m2-migration/migrate_data_tool/yii/db/CDbCommand.php:358
Stack trace:
#0 /var/www/dev.farmazon.cl/html/m2-migration/migrate_data_tool/yii/db/ar/CActiveRecord.php(1080): CDbCommand->execute()
#1 /var/www/dev.farmazon.cl/html/m2-migration/migrate_data_tool/yii/db/ar/CActiveRecord.php(809): CActiveRecord->insert(NULL)
#2 /var/www/dev.farmazon.cl/html/m2-migration/migrate_data_tool/protected/controllers/MigrateController.php(3397): CActiveRecord->save()
#3 /var/www/dev.farmazon.cl/html/m2-migration/migrate_data_tool/yii/web/actions/CInlineAction.php(49): MigrateController->actionStep8()
#4 /var/www/dev.farmazon.cl/html/m2-migration/migrate_data_tool/yii/web/CController.php(308): CInlineAction->runWithParams(Array)
#5 /var/www/dev.farmazon.cl/html/m2-migration/migrate_data_tool/yii/web/CController.php(286): CController->runAction(Object(CInlineAction))
#6 /var/www/dev.farmazon.cl/html/m2-migration/migrate_data_tool/yii/web/CController.php(265): CController->runActionWithFilters(Object(CInlineAction), Array)
#7 /var/www/dev.farmazon.cl/html/m2-migration/migrate_data_tool/yii/web/CWebApplication.php(282): CController->run('step8')
#8 /var/www/dev.farmazon.cl/html/m2-migration/migrate_data_tool/yii/web/CWebApplication.php(141): CWebApplication->runController('migrate/step8')
#9 /var/www/dev.farmazon.cl/html/m2-migration/migrate_data_tool/yii/base/CApplication.php(184): CWebApplication->processRequest()
#10 /var/www/dev.farmazon.cl/html/m2-migration/migrate_data_tool/index.php(13): CApplication->run()
#11 {main}
REQUEST_URI=/m2-migration/migrate_data_tool/index.php/migrate/step8
HTTP_REFERER=https://dev.farmazon.cl/m2-migration/migrate_data_tool/index.php/migrate/step8
---
